1000 1 0.07295 1.0987
1000 2 0.03357 2.37755
1000 3 0.01901 3.90786
1000 4 0.01094 4.06485
1000 5 0.00856 4.18166
1000 6 0.00740 4.28809
1000 7 0.00472 4.27189
1000 8 0.00214 4.09993
1000 9 0.00298 3.96482
1000 10 0.00402 4.00129
1000 11 0.00539 3.852
1000 12 0.00713 3.68945
1000 13 0.00690 3.54176
1000 14 0.00854 3.50241
1000 15 0.01069 3.45922
1000 16 0.01279 3.46815
2000 1 0.12765 1.19108
2000 2 0.05282 2.88471
2000 3 0.03264 3.93443
2000 4 0.02322 4.0949
2000 5 0.01819 4.2328
2000 6 0.02432 4.38919
2000 7 0.01881 4.28867
2000 8 0.01472 4.26987
2000 9 0.00841 4.06138
2000 10 0.01142 4.01258
2000 11 0.00537 3.85207
2000 12 0.00713 3.6942
2000 13 0.00692 3.55772
2000 14 0.00865 3.52093
2000 15 0.01062 3.48195
2000 16 0.01279 3.4481
4000 1 0.06154 1.19532
4000 2 0.08980 3.18588
4000 3 0.05975 4.14753
4000 4 0.04086 4.42583
4000 5 0.03482 4.6906
4000 6 0.03093 4.52439
4000 7 0.02956 4.51184
4000 8 0.02337 4.39403
4000 9 0.03215 4.47168
4000 10 0.02412 4.23156
4000 11 0.02724 4.22005
4000 12 0.01617 3.91156
4000 13 0.00688 3.81219
4000 14 0.00859 3.526
4000 15 0.00928 3.48896
4000 16 0.01281 3.46372
8000 1 0.12480 1.14914
8000 2 0.04464 2.8652
8000 3 0.09436 4.79066
8000 4 0.06833 4.88876
8000 5 0.06010 5.15556
8000 6 0.05842 5.15672
8000 7 0.05064 5.03075
8000 8 0.04593 4.98584
8000 9 0.05022 4.99375
8000 10 0.03650 4.58426
8000 11 0.03904 4.59746
8000 12 0.03389 4.32741
8000 13 0.04172 4.40552
8000 14 0.02848 3.85622
8000 15 0.03035 3.91886
8000 16 0.01282 3.47683
10000 1 0.15101 1.13899
10000 2 0.05170 3.40405
10000 3 0.03970 4.42356
10000 4 0.04376 4.67407
10000 5 0.07626 5.58297
10000 6 0.06753 5.43929
10000 7 0.05949 5.2642
10000 8 0.04062 5.18803
10000 9 0.04098 4.99172
10000 10 0.04258 4.92839
10000 11 0.03907 4.67479
10000 12 0.04925 4.92231
10000 13 0.04173 4.39575
10000 14 0.04286 4.32036
10000 15 0.03035 3.93677
10000 16 0.02921 3.90613
20000 1 0.30205 1.04853
20000 2 0.11099 2.97231
20000 3 0.06819 5.00963
20000 4 0.06244 5.53851
20000 5 0.05821 5.67329
20000 6 0.05873 5.91661
20000 7 0.06014 5.72513
20000 8 0.05876 5.77945
20000 9 0.05831 5.63738
20000 10 0.07144 5.58611
20000 11 0.06503 5.48087
20000 12 0.06493 5.20479
20000 13 0.08270 5.30489
20000 14 0.07246 4.97267
20000 15 0.08987 4.13397
20000 16 0.04848 4.59368
40000 1 0.46620 1.42168
40000 2 0.22116 2.99429
40000 3 0.13308 4.54615
40000 4 0.12779 5.41438
40000 5 0.11724 6.03592
40000 6 0.11265 5.98894
40000 7 0.11111 6.0662
40000 8 0.11175 5.86022
40000 9 0.11058 5.85417
40000 10 0.11517 5.70293
40000 11 0.11832 5.55158
40000 12 0.12593 5.40544
40000 13 0.12328 5.25089
40000 14 0.14288 5.03047
40000 15 0.10881 4.89196
40000 16 0.13522 4.73404
80000 1 0.93450 1.34371
80000 2 0.39355 3.20819
80000 3 0.26723 4.33061
80000 4 0.24936 4.77974
80000 5 0.22215 5.12748
80000 6 0.25094 5.87823
80000 7 0.22406 5.89995
80000 8 0.22572 5.84075
80000 9 0.23112 5.62902
80000 10 0.23547 5.46095
80000 11 0.23703 5.42037
80000 12 0.25458 5.24114
80000 13 0.24838 5.08979
80000 14 0.21607 4.90954
80000 15 0.21817 4.79096
80000 16 0.27332 4.61409
100000 1 1.29495 1.19445
100000 2 0.59189 3.51787
100000 3 0.33625 4.7933
100000 4 0.31895 5.32808
100000 5 0.27740 5.54648
100000 6 0.27302 5.86069
100000 7 0.27475 5.86807
100000 8 0.27676 5.80828
100000 9 0.28939 5.63556
100000 10 0.29148 5.50341
100000 11 0.29764 5.37438
100000 12 0.31905 5.20533
100000 13 0.31167 5.08117
100000 14 0.25988 4.86557
100000 15 0.27137 4.80303
100000 16 0.27309 4.61892
200000 1 2.34787 1.24085
200000 2 0.87165 3.64891
200000 3 0.54600 6.0506
200000 4 0.51714 6.09816
200000 5 0.46639 6.29124
200000 6 0.49756 6.55092
200000 7 0.46958 6.65424
200000 8 0.49107 7.23933
200000 9 0.49967 6.36611
200000 10 0.50802 6.19634
200000 11 0.63055 6.20516
200000 12 0.44162 5.99599
200000 13 0.45697 5.84021
200000 14 0.44820 5.64202
200000 15 0.45981 5.51628
200000 16 0.46544 5.32389
400000 1 4.97194 1.32528
400000 2 1.85618 3.66479
400000 3 1.05515 5.89605
400000 4 0.98105 6.34681
400000 5 0.87647 7.23209
400000 6 0.93105 7.06962
400000 7 1.08747 6.9913
400000 8 0.97358 6.88237
400000 9 0.91565 6.13978
400000 10 0.93129 6.71283
400000 11 0.78978 6.45053
400000 12 0.81959 6.32054
400000 13 1.03578 5.96755
400000 14 0.84988 5.9096
400000 15 0.85900 5.87742
400000 16 0.90851 5.65512
500000 1 5.92065 1.33726
500000 2 2.15662 3.67524
500000 3 1.32199 4.93991
500000 4 1.44397 6.25909
500000 5 1.10499 6.89567
500000 6 1.12477 7.08173
500000 7 1.1335 6.8896
500000 8 1.20617 6.80284
500000 9 1.25808 6.8184
500000 10 1.18916 5.61858
500000 11 0.98043 6.49559
500000 12 1.02631 6.18171
500000 13 1.19713 6.03136
500000 14 1.10909 5.45061
500000 15 1.11302 5.68367
500000 16 1.22066 4.83154
