1000 1 0.06634 1.18025
1000 2 0.02177 3.66266
1000 3 0.01236 5.7303
1000 4 0.00764 6.53771
1000 5 0.00512 6.96221
1000 6 0.00364 8.57449
1000 7 0.00183 10.2331
1000 8 0.00085 9.5494
1000 9 0.00127 9.39955
1000 10 0.00168 9.43072
1000 11 0.00232 8.90097
1000 12 0.00303 8.84205
1000 13 0.00289 8.56629
1000 14 0.00343 8.9139
1000 15 0.00390 8.88695
1000 16 0.00526 8.38704
2000 1 0.11601 1.32238
2000 2 0.03940 3.868
2000 3 0.02023 5.75938
2000 4 0.01534 6.55065
2000 5 0.01074 7.09544
2000 6 0.01207 8.80333
2000 7 0.00802 10.8417
2000 8 0.00632 9.95171
2000 9 0.00351 9.77118
2000 10 0.00455 9.84344
2000 11 0.00231 8.8983
2000 12 0.00304 8.82636
2000 13 0.00283 8.56083
2000 14 0.00342 9.43815
2000 15 0.00419 8.9054
2000 16 0.00525 8.44545
4000 1 0.05562 1.32658
4000 2 0.06405 4.23458
4000 3 0.04044 6.102
4000 4 0.02583 6.80115
4000 5 0.02195 7.19231
4000 6 0.01497 8.77229
4000 7 0.01315 10.1641
4000 8 0.01078 9.66827
4000 9 0.01476 9.67564
4000 10 0.01038 9.81904
4000 11 0.01227 9.33191
4000 12 0.00736 8.63499
4000 13 0.00289 8.50521
4000 14 0.00339 8.87689
4000 15 0.00417 8.92739
4000 16 0.00525 9.06076
8000 1 0.10869 1.27719
8000 2 0.10412 4.79763
8000 3 0.06568 6.92034
8000 4 0.04555 7.34132
8000 5 0.03911 7.84618
8000 6 0.03048 9.88494
8000 7 0.02388 10.7796
8000 8 0.02214 10.2102
8000 9 0.02350 10.3758
8000 10 0.01651 10.1807
8000 11 0.01866 9.86102
8000 12 0.01624 9.07395
8000 13 0.02015 9.09914
8000 14 0.01072 8.99949
8000 15 0.01266 9.37938
8000 16 0.00523 8.45172
10000 1 0.13601 1.26547
10000 2 0.04023 4.40351
10000 3 0.07852 7.48856
10000 4 0.05916 7.7371
10000 5 0.05018 8.28603
10000 6 0.03411 9.90275
10000 7 0.02860 11.1861
10000 8 0.03102 10.3303
10000 9 0.02626 10.6851
10000 10 0.02673 10.7833
10000 11 0.01855 9.74534
10000 12 0.02307 9.72253
10000 13 0.02016 9.15187
10000 14 0.01950 10.0774
10000 15 0.01244 9.37954
10000 16 0.01268 8.96221
20000 1 0.27153 1.23211
20000 2 0.06814 4.94709
20000 3 0.04517 7.56563
20000 4 0.04197 8.03473
20000 5 0.03902 8.83318
20000 6 0.06079 11.3335
20000 7 0.04837 12.2896
20000 8 0.04599 12.1726
20000 9 0.03893 11.59
20000 10 0.04430 12.4523
20000 11 0.03880 11.2933
20000 12 0.03902 11.1679
20000 13 0.03970 10.7666
20000 14 0.03340 10.9548
20000 15 0.03826 11.6506
20000 16 0.02256 9.83023
40000 1 0.524 1.4685
40000 2 0.13468 4.92741
40000 3 0.08247 8.00726
40000 4 0.07100 9.3299
40000 5 0.06497 10.1341
40000 6 0.05330 12.7424
40000 7 0.04731 14.184
40000 8 0.04912 13.9512
40000 9 0.04796 13.5596
40000 10 0.04885 13.4758
40000 11 0.05125 13.0992
40000 12 0.05508 12.4011
40000 13 0.05265 12.2318
40000 14 0.05633 12.728
40000 15 0.04414 12.0622
40000 16 0.05147 12.4266
80000 1 0.85838 1.50015
80000 2 0.27098 4.73961
80000 3 0.16419 7.81505
80000 4 0.14317 9.10588
80000 5 0.12879 9.97748
80000 6 0.10557 12.5068
80000 7 0.09052 14.5342
80000 8 0.09521 13.7755
80000 9 0.09317 14.1505
80000 10 0.09259 14.0425
80000 11 0.09599 13.517
80000 12 0.10685 12.4977
80000 13 0.10197 12.5185
80000 14 0.08335 12.8331
80000 15 0.08080 13.0237
80000 16 0.10281 12.2836
100000 1 1.07716 1.4758
100000 2 0.36042 4.61824
100000 3 0.20634 7.7614
100000 4 0.17750 9.0612
100000 5 0.16102 9.94993
100000 6 0.12824 12.4903
100000 7 0.10988 14.5463
100000 8 0.11622 13.7539
100000 9 0.11693 13.9724
100000 10 0.11542 13.7941
100000 11 0.11983 13.4524
100000 12 0.13445 12.3098
100000 13 0.12845 12.3714
100000 14 0.10056 12.6639
100000 15 0.09791 13.152
100000 16 0.10272 12.2922
200000 1 2.19886 1.46248
200000 2 0.54589 5.49672
200000 3 0.38402 8.26366
200000 4 0.35770 8.92542
200000 5 0.33082 9.51092
200000 6 0.27067 11.7738
200000 7 0.22287 14.2681
200000 8 0.24212 13.0246
200000 9 0.23464 13.5395
200000 10 0.23674 13.3687
200000 11 0.24269 11.902
200000 12 0.21863 11.9327
200000 13 0.22882 11.627
200000 14 0.20190 12.3056
200000 15 0.20338 12.5162
200000 16 0.21129 11.7661
400000 1 4.31807 1.43319
400000 2 1.1113 5.56597
400000 3 0.67316 9.33369
400000 4 0.58100 10.7825
400000 5 0.55740 11.1479
400000 6 0.55760 13.372
400000 7 0.41039 15.2302
400000 8 0.43673 14.3051
400000 9 0.42987 14.1543
400000 10 0.42881 14.4583
400000 11 0.36842 13.2599
400000 12 0.39915 12.8753
400000 13 0.40554 12.9719
400000 14 0.38298 12.9727
400000 15 0.36747 13.6282
400000 16 0.39198 12.6191
500000 1 5.41802 1.43865
500000 2 1.37504 5.72488
500000 3 0.84270 9.25482
500000 4 0.72708 10.6209
500000 5 0.70893 10.985
500000 6 0.57225 13.7915
500000 7 0.49439 15.6433
500000 8 0.52656 14.864
500000 9 0.51884 15.0895
500000 10 0.51938 14.9385
500000 11 0.43176 14.372
500000 12 0.45739 13.6172
500000 13 0.48699 13.3523
500000 14 0.46860 14.3292
500000 15 0.45030 14.0868
500000 16 0.47264 12.3551
