1000 1 0.01525 5.18977
1000 2 0.00577 13.7377
1000 3 0.00321 21.7113
1000 4 0.00214 21.3615
1000 5 0.00139 25.901
1000 6 0.00207 16.1385
1000 7 0.00234 9.2538
1000 8 0.00207 4.88198
1000 9 0.00249 4.81605
1000 10 0.00398 4.56263
1000 11 0.00475 4.21451
1000 12 0.00698 4.1869
1000 13 0.00612 4.0619
1000 14 0.00769 3.92812
1000 15 0.00972 3.81271
1000 16 0.01201 3.66437
2000 1 0.03017 5.05094
2000 2 0.01167 13.455
2000 3 0.00622 19.7401
2000 4 0.00437 21.6399
2000 5 0.00319 23.3748
2000 6 0.00523 20.2309
2000 7 0.00332 26.4216
2000 8 0.00416 15.4507
2000 9 0.00405 8.71517
2000 10 0.00545 8.37173
2000 11 0.00468 4.46137
2000 12 0.00626 4.19646
2000 13 0.00597 4.0934
2000 14 0.00780 3.86905
2000 15 0.00959 3.77741
2000 16 0.01212 3.63423
4000 1 0.05946 4.85719
4000 2 0.01993 13.8039
4000 3 0.01367 19.7377
4000 4 0.00814 21.9037
4000 5 0.00746 24.3793
4000 6 0.00711 19.8482
4000 7 0.00647 20.671
4000 8 0.00409 25.0081
4000 9 0.00591 21.4648
4000 10 0.00680 12.6978
4000 11 0.00808 12.8661
4000 12 0.00834 7.67307
4000 13 0.00609 4.0833
4000 14 0.00781 3.9063
4000 15 0.00973 3.35299
4000 16 0.01303 3.62322
8000 1 0.11832 4.67922
8000 2 0.04065 12.61
8000 3 0.02406 19.0119
8000 4 0.01595 20.7425
8000 5 0.01498 23.281
8000 6 0.01435 22.8595
8000 7 0.01044 24.2804
8000 8 0.01041 24.2433
8000 9 0.01229 19.4909
8000 10 0.00709 23.5014
8000 11 0.00905 18.7849
8000 12 0.01082 13.5677
8000 13 0.01394 11.847
8000 14 0.01350 7.2124
8000 15 0.01700 7.04957
8000 16 0.01215 3.49349
10000 1 0.15066 4.58547
10000 2 0.05270 12.5174
10000 3 0.03189 17.4876
10000 4 0.02171 21.1371
10000 5 0.02049 23.0478
10000 6 0.01503 23.8517
10000 7 0.01374 23.4472
10000 8 0.01402 23.9802
10000 9 0.01168 21.7164
10000 10 0.01534 18.9162
10000 11 0.00800 22.5571
10000 12 0.01282 21.7012
10000 13 0.01598 13.0808
10000 14 0.01496 12.5761
10000 15 0.01686 7.00143
10000 16 0.01854 6.79491
20000 1 0.07606 4.48857
20000 2 0.10458 11.9591
20000 3 0.05526 18.2047
20000 4 0.04329 20.3038
20000 5 0.03405 22.5318
20000 6 0.03336 22.8049
20000 7 0.02683 23.1594
20000 8 0.02361 23.5243
20000 9 0.02230 20.7807
20000 10 0.02494 19.5148
20000 11 0.01925 22.3647
20000 12 0.02379 16.1262
20000 13 0.02508 17.3463
20000 14 0.01739 21.0704
20000 15 0.02180 20.2322
20000 16 0.01845 11.8808
40000 1 0.14880 4.32777
40000 2 0.05550 11.8502
40000 3 0.10392 18.0475
40000 4 0.07933 19.901
40000 5 0.06146 20.3004
40000 6 0.05486 22.2832
40000 7 0.04649 22.7901
40000 8 0.04691 22.6537
40000 9 0.03511 21.9138
40000 10 0.03629 22.0654
40000 11 0.03781 20.9589
40000 12 0.03615 20.5721
40000 13 0.03899 17.1268
40000 14 0.03568 20.1894
40000 15 0.03279 15.9831
40000 16 0.04043 14.8524
80000 1 0.30125 4.23202
80000 2 0.11068 11.6305
80000 3 0.07615 17.2739
80000 4 0.06757 19.2388
80000 5 0.06115 20.5655
80000 6 0.06192 21.0971
80000 7 0.05952 22.6058
80000 8 0.05968 22.0815
80000 9 0.06111 21.3119
80000 10 0.06426 20.7447
80000 11 0.06432 20.2549
80000 12 0.06592 20.2117
80000 13 0.06821 18.7686
80000 14 0.05892 17.8217
80000 15 0.05503 18.9784
80000 16 0.06685 18.8594
100000 1 0.37465 4.25675
100000 2 0.13240 12.1
100000 3 0.09689 17.2549
100000 4 0.08410 18.8955
100000 5 0.07718 20.5935
100000 6 0.07499 21.1316
100000 7 0.07307 21.9516
100000 8 0.07497 21.029
100000 9 0.07751 20.8322
100000 10 0.07958 20.1927
100000 11 0.08064 19.7937
100000 12 0.08678 19.2632
100000 13 0.08301 18.8207
100000 14 0.07122 17.6747
100000 15 0.07241 17.9648
100000 16 0.06704 18.8595
200000 1 0.75652 4.11916
200000 2 0.26882 11.697
200000 3 0.19114 16.499
200000 4 0.17224 16.6545
200000 5 0.15881 19.6675
200000 6 0.15854 20.2775
200000 7 0.15244 20.8613
200000 8 0.15114 21.1212
200000 9 0.15892 19.6732
200000 10 0.15724 20.0162
200000 11 0.16310 19.5022
200000 12 0.13928 18.6873
200000 13 0.14675 18.3718
200000 14 0.14171 17.7952
200000 15 0.15049 16.8614
200000 16 0.13978 17.7607
400000 1 1.51869 4.13433
400000 2 0.55354 11.1582
400000 3 0.39219 15.7572
400000 4 0.35637 17.6761
400000 5 0.33140 19.2625
400000 6 0.33815 19.0511
400000 7 0.31442 19.9708
400000 8 0.32427 19.9354
400000 9 0.32552 19.1206
400000 10 0.32817 19.4282
400000 11 0.27207 18.4776
400000 12 0.2777 18.6759
400000 13 0.29639 17.8218
400000 14 0.29806 16.9153
400000 15 0.29325 17.0031
400000 16 0.30450 16.9574
500000 1 1.91688 4.07783
500000 2 0.69261 11.2152
500000 3 0.50901 15.6838
500000 4 0.44785 17.4001
500000 5 0.41244 18.8887
500000 6 0.41201 18.9539
500000 7 0.40444 19.315
500000 8 0.40386 19.3872
500000 9 0.42372 18.6185
500000 10 0.43022 18.3097
500000 11 0.34954 17.9209
500000 12 0.36031 16.2523
500000 13 0.36335 18.0742
500000 14 0.39560 16.7399
500000 15 0.37859 16.4761
500000 16 0.38208 16.7056
