1000 1 0.03891 2.05603
1000 2 0.01983 4.03179
1000 3 0.01309 5.44651
1000 4 0.00862 5.77553
1000 5 0.00595 6.0101
1000 6 0.00935 3.41349
1000 7 0.01068 1.88363
1000 8 0.00896 0.98661
1000 9 0.01251 0.96978
1000 10 0.01680 0.95157
1000 11 0.02190 0.94916
1000 12 0.02752 0.99719
1000 13 0.02865 0.95601
1000 14 0.03240 0.96607
1000 15 0.03709 0.96703
1000 16 0.04454 0.96317
2000 1 0.06659 2.00805
2000 2 0.03611 4.254
2000 3 0.02369 5.14289
2000 4 0.01644 5.79555
2000 5 0.01245 6.07703
2000 6 0.02166 4.83302
2000 7 0.01329 6.09335
2000 8 0.01704 3.46044
2000 9 0.01848 1.84982
2000 10 0.02487 1.84249
2000 11 0.02187 0.94259
2000 12 0.02749 0.95140
2000 13 0.02573 0.94242
2000 14 0.03228 0.96921
2000 15 0.03740 0.99090
2000 16 0.04470 0.96840
4000 1 0.13562 2.24139
4000 2 0.05909 4.74974
4000 3 0.04250 5.70363
4000 4 0.02950 6.02825
4000 5 0.02515 6.39692
4000 6 0.02855 5.05492
4000 7 0.02620 5.12044
4000 8 0.01686 6.08872
4000 9 0.02714 6.153
4000 10 0.02922 3.48597
4000 11 0.03283 3.47499
4000 12 0.03369 1.83953
4000 13 0.02591 0.95592
4000 14 0.03237 0.96730
4000 15 0.03888 0.94506
4000 16 0.04462 1.01156
8000 1 0.05430 2.5567
8000 2 0.09270 5.28557
8000 3 0.06855 6.46577
8000 4 0.05062 6.59541
8000 5 0.04398 6.93648
8000 6 0.04291 7.03169
8000 7 0.03764 6.87392
8000 8 0.03364 6.75425
8000 9 0.04442 5.68207
8000 10 0.02667 6.20117
8000 11 0.02930 6.24707
8000 12 0.04118 3.53991
8000 13 0.04394 3.49994
8000 14 0.05022 1.88451
8000 15 0.06266 1.95986
8000 16 0.04474 0.99223
10000 1 0.06796 2.03539
10000 2 0.11860 5.58068
10000 3 0.08309 6.92556
10000 4 0.06534 7.06401
10000 5 0.05702 7.23731
10000 6 0.04981 7.24547
10000 7 0.04619 6.94932
10000 8 0.04707 7.29146
10000 9 0.04023 6.97244
10000 10 0.03769 5.18619
10000 11 0.02921 6.22561
10000 12 0.03661 6.40824
10000 13 0.04269 3.50629
10000 14 0.05145 3.68579
10000 15 0.06246 1.95433
10000 16 0.05987 1.87844
20000 1 0.13575 2.45415
20000 2 0.05951 5.57141
20000 3 0.04719 7.25117
20000 4 0.04665 7.2194
20000 5 0.04219 7.92789
20000 6 0.04379 7.65205
20000 7 0.04495 7.6653
20000 8 0.04542 7.62289
20000 9 0.04860 6.54565
20000 10 0.05167 7.75028
20000 11 0.04986 7.34949
20000 12 0.06017 5.62269
20000 13 0.07569 5.78467
20000 14 0.05330 6.85893
20000 15 0.06551 6.67012
20000 16 0.06242 3.6336
40000 1 0.33105 2.25087
40000 2 0.13481 5.7746
40000 3 0.08793 7.48326
40000 4 0.08103 8.12752
40000 5 0.07515 8.701
40000 6 0.07835 8.70909
40000 7 0.07666 8.79063
40000 8 0.07833 8.57649
40000 9 0.07987 8.08686
40000 10 0.08084 8.09199
40000 11 0.08872 7.44288
40000 12 0.09096 7.48151
40000 13 0.11273 5.72904
40000 14 0.10172 6.82834
40000 15 0.10039 5.2748
40000 16 0.12629 5.0653
80000 1 0.50444 2.32508
80000 2 0.26519 5.09849
80000 3 0.17623 7.31204
80000 4 0.16329 7.96766
80000 5 0.15114 8.48044
80000 6 0.15733 8.34398
80000 7 0.15355 8.61438
80000 8 0.15590 8.48207
80000 9 0.16150 8.13546
80000 10 0.16439 6.76274
80000 11 0.18176 6.44214
80000 12 0.18180 7.33441
80000 13 0.19498 6.52824
80000 14 0.16506 6.44402
80000 15 0.15790 6.62482
80000 16 0.19794 6.37701
100000 1 0.54624 2.98543
100000 2 0.33793 4.8798
100000 3 0.22167 7.22064
100000 4 0.20376 7.87654
100000 5 0.18974 8.45235
100000 6 0.19089 8.36678
100000 7 0.19105 8.45219
100000 8 0.19621 8.19425
100000 9 0.23734 7.70706
100000 10 0.21342 7.50611
100000 11 0.22415 7.06112
100000 12 0.24156 6.86745
100000 13 0.23616 6.6788
100000 14 0.20544 6.14112
100000 15 0.21000 6.18058
100000 16 0.19809 6.36199
200000 1 1.06124 2.91182
200000 2 0.48683 6.71386
200000 3 0.38919 7.69284
200000 4 0.36625 8.4089
200000 5 0.37053 10.5646
200000 6 0.37943 8.43413
200000 7 0.36803 8.61091
200000 8 0.36955 10.1104
200000 9 0.39785 8.18533
200000 10 0.324 8.0063
200000 11 0.40169 7.5883
200000 12 0.35948 7.45519
200000 13 0.36103 7.35572
200000 14 0.36455 7.01495
200000 15 0.38594 6.54778
200000 16 0.37467 6.65516
400000 1 2.17474 2.86947
400000 2 0.98267 5.85349
400000 3 0.70619 8.84691
400000 4 0.64791 9.77924
400000 5 0.60318 10.3593
400000 6 0.63378 10.2683
400000 7 0.70423 10.2927
400000 8 0.61696 9.99996
400000 9 0.80704 9.72671
400000 10 0.64848 9.48056
400000 11 0.55639 8.82429
400000 12 0.71409 8.98484
400000 13 0.63028 6.88025
400000 14 0.63264 7.99654
400000 15 0.64289 7.93264
400000 16 0.67522 7.59286
500000 1 2.99188 2.91481
500000 2 1.44962 5.99939
500000 3 0.87629 8.86126
500000 4 0.80691 9.69164
500000 5 0.75461 10.3005
500000 6 0.77708 10.2076
500000 7 0.76925 10.1269
500000 8 0.77355 10.0695
500000 9 0.8234 9.52138
500000 10 0.83668 9.07022
500000 11 0.70625 8.87168
500000 12 0.73295 8.64973
500000 13 0.75643 8.673
500000 14 0.80974 7.45548
500000 15 0.80730 7.79828
500000 16 1.01667 6.49514
