1000 1 0.02576 1.0326
1000 2 0.00521 5.08244
1000 3 0.00230 9.83817
1000 4 0.00127 12.9645
1000 5 0.00079 14.5579
1000 6 0.00054 19.856
1000 7 0.00029 23.736
1000 8 0.00013 21.4442
1000 9 0.00022 20.7687
1000 10 0.00023 22.1601
1000 11 0.00035 20.8311
1000 12 0.00050 17.9403
1000 13 0.00048 18.606
1000 14 0.00051 19.7044
1000 15 0.00061 20.0829
1000 16 0.00081 18.7874
2000 1 0.05148 0.97827
2000 2 0.01037 4.90245
2000 3 0.00428 9.0009
2000 4 0.00273 12.4353
2000 5 0.00175 13.6872
2000 6 0.00190 18.1733
2000 7 0.00122 20.2353
2000 8 0.00095 21.5122
2000 9 0.00051 22.4632
2000 10 0.00070 21.8784
2000 11 0.00033 18.3906
2000 12 0.00046 19.136
2000 13 0.00051 18.7389
2000 14 0.00055 19.6939
2000 15 0.00073 18.0273
2000 16 0.00085 18.6422
4000 1 0.10289 0.94540
4000 2 0.01943 4.71503
4000 3 0.00909 9.12188
4000 4 0.00495 11.8978
4000 5 0.00402 13.8514
4000 6 0.00256 17.6341
4000 7 0.00205 21.2364
4000 8 0.00164 20.7041
4000 9 0.00226 20.7398
4000 10 0.00163 21.5695
4000 11 0.00188 20.0536
4000 12 0.00123 18.9727
4000 13 0.00044 16.0516
4000 14 0.00050 19.7649
4000 15 0.00061 20.0062
4000 16 0.00078 18.7936
8000 1 0.05142 0.90015
8000 2 0.03686 4.49712
8000 3 0.01736 8.85499
8000 4 0.01033 11.3933
8000 5 0.00776 13.4113
8000 6 0.00598 17.9276
8000 7 0.00405 21.1144
8000 8 0.00374 20.2447
8000 9 0.00390 20.7663
8000 10 0.00267 20.6842
8000 11 0.00328 18.8278
8000 12 0.00264 18.5691
8000 13 0.00339 18.0206
8000 14 0.00179 18.9543
8000 15 0.00203 18.362
8000 16 0.00083 16.8778
10000 1 0.06428 0.89232
10000 2 0.04913 4.4962
10000 3 0.02186 8.76127
10000 4 0.01361 11.2938
10000 5 0.01033 13.373
10000 6 0.00677 16.4259
10000 7 0.00507 20.8033
10000 8 0.00564 18.4214
10000 9 0.00464 20.2404
10000 10 0.00469 20.2291
10000 11 0.00313 17.7379
10000 12 0.00440 17.7369
10000 13 0.00339 15.0604
10000 14 0.00337 16.9525
10000 15 0.00198 19.5239
10000 16 0.00226 17.2115
20000 1 0.12877 0.80554
20000 2 0.09820 4.0358
20000 3 0.04039 7.85975
20000 4 0.03044 8.91598
20000 5 0.01906 12.8788
20000 6 0.01497 15.7851
20000 7 0.01022 20.2926
20000 8 0.00947 19.4119
20000 9 0.00779 19.6819
20000 10 0.00955 19.7178
20000 11 0.00781 18.747
20000 12 0.00801 16.2162
20000 13 0.00843 17.2435
20000 14 0.00671 18.4285
20000 15 0.00826 18.4234
20000 16 0.00426 17.8429
40000 1 0.25705 0.84947
40000 2 0.05226 4.27858
40000 3 0.07383 8.2903
40000 4 0.05220 10.7429
40000 5 0.03453 12.5297
40000 6 0.02578 16.3433
40000 7 0.01832 19.9034
40000 8 0.01910 18.8765
40000 9 0.01484 19.3663
40000 10 0.01366 19.5109
40000 11 0.01416 17.2176
40000 12 0.01325 17.1789
40000 13 0.01356 17.1038
40000 14 0.01477 17.7771
40000 15 0.01012 18.275
40000 16 0.01356 15.7274
80000 1 0.51865 0.83153
80000 2 0.11239 4.13711
80000 3 0.05278 7.17716
80000 4 0.04134 10.5262
80000 5 0.06900 12.2067
80000 6 0.05230 16.2414
80000 7 0.03711 19.1882
80000 8 0.02879 18.234
80000 9 0.02753 19.0461
80000 10 0.02723 17.9979
80000 11 0.02375 18.1556
80000 12 0.02654 16.0307
80000 13 0.02540 16.8488
80000 14 0.02030 17.4735
80000 15 0.01927 17.8754
80000 16 0.02553 16.4785
100000 1 0.64937 0.82378
100000 2 0.13782 4.07781
100000 3 0.06634 8.07007
100000 4 0.05126 9.88812
100000 5 0.04389 11.9437
100000 6 0.05423 16.0893
100000 7 0.04475 17.9537
100000 8 0.04129 17.343
100000 9 0.03463 18.885
100000 10 0.03394 18.7909
100000 11 0.02948 18.0179
100000 12 0.03325 16.6661
100000 13 0.03160 16.7
100000 14 0.02451 17.3653
100000 15 0.02527 18.0475
100000 16 0.02567 16.4528
200000 1 1.30115 0.79702
200000 2 0.26192 4.05995
200000 3 0.13347 7.85856
200000 4 0.10505 10.1874
200000 5 0.08872 11.9482
200000 6 0.06840 15.5113
200000 7 0.05704 17.3696
200000 8 0.06055 17.4146
200000 9 0.05759 18.4872
200000 10 0.05903 18.101
200000 11 0.06034 17.4862
200000 12 0.05456 15.8362
200000 13 0.05694 15.665
200000 14 0.05090 16.297
200000 15 0.04962 17.1465
200000 16 0.05270 16.0373
400000 1 2.59905 0.76370
400000 2 0.55673 3.86281
400000 3 0.27239 7.62052
400000 4 0.21307 9.68839
400000 5 0.18053 11.2509
400000 6 0.13843 14.8313
400000 7 0.11689 16.8129
400000 8 0.12791 16.3496
400000 9 0.12031 17.4003
400000 10 0.12023 17.1451
400000 11 0.10726 15.5431
400000 12 0.11735 14.5842
400000 13 0.11804 14.7374
400000 14 0.11438 15.6061
400000 15 0.10207 16.0585
400000 16 0.11401 15.0026
500000 1 3.37727 0.78196
500000 2 0.66585 3.87344
500000 3 0.34499 7.52155
500000 4 0.26912 9.62174
500000 5 0.23557 11.4011
500000 6 0.17650 14.7591
500000 7 0.14718 17.4758
500000 8 0.16106 16.1205
500000 9 0.15002 17.3067
500000 10 0.15757 16.4149
500000 11 0.12750 16.3512
500000 12 0.13779 15.3776
500000 13 0.14812 14.8111
500000 14 0.14364 15.2336
500000 15 0.13029 16.1684
500000 16 0.14347 14.8496
