1000 1 0.04072 0.65512
1000 2 0.01346 1.98176
1000 3 0.00723 3.19067
1000 4 0.00468 3.62696
1000 5 0.00307 3.88125
1000 6 0.00260 4.01178
1000 7 0.00161 4.12183
1000 8 0.00071 4.04605
1000 9 0.00103 3.87378
1000 10 0.00143 3.71971
1000 11 0.00194 3.55004
1000 12 0.00254 3.60127
1000 13 0.00234 3.42836
1000 14 0.00304 3.38038
1000 15 0.00377 3.24922
1000 16 0.00471 3.1376
2000 1 0.06791 0.73017
2000 2 0.02488 2.04839
2000 3 0.01534 3.14587
2000 4 0.00945 3.6278
2000 5 0.00634 3.93136
2000 6 0.00847 4.03232
2000 7 0.00675 4.31787
2000 8 0.00521 3.99755
2000 9 0.00301 3.77316
2000 10 0.00405 3.81394
2000 11 0.00193 3.55096
2000 12 0.00241 3.45217
2000 13 0.00241 3.44149
2000 14 0.00299 3.37183
2000 15 0.00353 3.23027
2000 16 0.00470 3.13094
4000 1 0.11975 0.81160
4000 2 0.04144 2.21823
4000 3 0.02540 3.27121
4000 4 0.01578 3.70817
4000 5 0.01323 3.99189
4000 6 0.01171 4.01476
4000 7 0.01101 4.0544
4000 8 0.00874 3.95976
4000 9 0.01223 3.93594
4000 10 0.00895 3.8086
4000 11 0.01010 3.72487
4000 12 0.00584 3.60509
4000 13 0.00233 3.40695
4000 14 0.00299 3.37214
4000 15 0.00377 3.23727
4000 16 0.00470 3.13454
8000 1 0.05849 0.79112
8000 2 0.06614 2.44664
8000 3 0.04184 3.60578
8000 4 0.02804 3.86942
8000 5 0.02358 4.22896
8000 6 0.02300 4.32087
8000 7 0.01998 4.17676
8000 8 0.01817 4.20426
8000 9 0.01953 4.14499
8000 10 0.01404 3.95817
8000 11 0.01554 3.9047
8000 12 0.01297 3.7505
8000 13 0.01640 3.73813
8000 14 0.00941 3.47008
8000 15 0.01160 3.41185
8000 16 0.00471 3.13836
10000 1 0.07380 0.78349
10000 2 0.08308 2.67248
10000 3 0.05156 3.72259
10000 4 0.03740 4.15552
10000 5 0.03062 4.43556
10000 6 0.02678 4.44374
10000 7 0.02418 4.42189
10000 8 0.02522 4.40735
10000 9 0.02187 4.26207
10000 10 0.02297 4.15129
10000 11 0.01554 3.90357
10000 12 0.01957 4.00086
10000 13 0.01633 3.74346
10000 14 0.01707 3.69795
10000 15 0.01161 3.7889
10000 16 0.01135 3.37121
20000 1 0.1615 0.76233
20000 2 0.04081 2.67081
20000 3 0.08394 4.24852
20000 4 0.06151 4.86379
20000 5 0.04860 5.06274
20000 6 0.04635 5.07681
20000 7 0.03830 4.9843
20000 8 0.03779 4.90162
20000 9 0.03303 4.64847
20000 10 0.03904 4.78545
20000 11 0.03173 4.50949
20000 12 0.03167 4.33586
20000 13 0.03268 4.45724
20000 14 0.02925 4.11792
20000 15 0.03490 4.15505
20000 16 0.02011 3.67566
40000 1 0.26598 0.81329
40000 2 0.06055 2.76677
40000 3 0.04852 4.53952
40000 4 0.04410 5.13069
40000 5 0.04055 5.54354
40000 6 0.04138 5.70865
40000 7 0.03985 5.66751
40000 8 0.04004 5.58094
40000 9 0.03985 5.19209
40000 10 0.04293 5.10225
40000 11 0.04202 5.24383
40000 12 0.04565 4.96815
40000 13 0.04512 4.78738
40000 14 0.05016 4.95086
40000 15 0.03761 4.69311
40000 16 0.04515 4.74342
80000 1 0.47240 0.95916
80000 2 0.15857 2.70487
80000 3 0.09562 4.48837
80000 4 0.08350 4.81972
80000 5 0.07212 5.4995
80000 6 0.07329 5.95507
80000 7 0.07351 6.01827
80000 8 0.07413 5.89244
80000 9 0.07536 5.80188
80000 10 0.07601 5.63677
80000 11 0.07740 5.52849
80000 12 0.08265 5.37805
80000 13 0.08076 5.24617
80000 14 0.07006 5.05469
80000 15 0.07035 4.93723
80000 16 0.08890 4.7304
100000 1 0.55985 0.95200
100000 2 0.19881 2.53823
100000 3 0.11964 4.45719
100000 4 0.11020 5.17996
100000 5 0.09029 5.77915
100000 6 0.09148 5.94583
100000 7 0.09010 5.97122
100000 8 0.09171 5.87917
100000 9 0.09458 5.76246
100000 10 0.09503 5.60785
100000 11 0.09649 5.51439
100000 12 0.10355 5.34199
100000 13 0.10130 5.21844
100000 14 0.08394 5.01461
100000 15 0.08797 4.92236
100000 16 0.08893 4.73015
200000 1 1.12782 0.92864
200000 2 0.30933 3.38915
200000 3 0.25008 4.3575
200000 4 0.21884 4.80404
200000 5 0.18631 5.70215
200000 6 0.18985 5.85894
200000 7 0.18025 5.87362
200000 8 0.18348 5.76433
200000 9 0.18674 4.81278
200000 10 0.19142 5.49964
200000 11 0.19501 5.39524
200000 12 0.16673 5.23459
200000 13 0.17521 5.09177
200000 14 0.17108 4.87618
200000 15 0.17704 4.81596
200000 16 0.17814 4.64894
400000 1 2.25353 0.92513
400000 2 0.63245 3.2969
400000 3 0.37873 3.51594
400000 4 0.34903 6.0496
400000 5 0.32685 7.25222
400000 6 0.33838 7.24752
400000 7 0.28063 7.42116
400000 8 0.28649 7.31583
400000 9 0.34274 6.09365
400000 10 0.29920 6.96469
400000 11 0.25403 6.44975
400000 12 0.26921 6.43155
400000 13 0.27175 6.47122
400000 14 0.27589 6.12866
400000 15 0.27682 6.08924
400000 16 0.29486 5.78125
500000 1 2.8165 0.86559
500000 2 0.79123 3.32207
500000 3 0.50252 5.50256
500000 4 0.40751 5.49403
500000 5 0.37407 6.89661
500000 6 0.36268 7.28006
500000 7 0.37503 6.91086
500000 8 0.38911 7.1866
500000 9 0.36473 7.0947
500000 10 0.38301 6.87902
500000 11 0.30708 6.7898
500000 12 0.31875 6.06615
500000 13 0.35119 6.38849
500000 14 0.37783 5.74222
500000 15 0.35455 5.91035
500000 16 0.37625 5.65344
