1000 1 0.01305 2.03245
1000 2 0.00438 5.95698
1000 3 0.00246 9.46615
1000 4 0.00155 10.8609
1000 5 0.00104 11.5641
1000 6 0.00146 7.27031
1000 7 0.00160 4.14195
1000 8 0.00136 2.31497
1000 9 0.00182 2.23434
1000 10 0.00242 2.1823
1000 11 0.00324 2.09255
1000 12 0.00447 1.97645
1000 13 0.00414 1.98461
1000 14 0.00500 1.99553
1000 15 0.00632 1.90393
1000 16 0.00756 1.95536
2000 1 0.02413 2.1115
2000 2 0.00820 6.18615
2000 3 0.00454 8.88052
2000 4 0.00322 10.4356
2000 5 0.00224 11.3709
2000 6 0.00357 9.58357
2000 7 0.00228 11.7553
2000 8 0.00282 7.09179
2000 9 0.00268 4.22502
2000 10 0.00373 4.01962
2000 11 0.00327 2.11792
2000 12 0.00444 1.9894
2000 13 0.00410 2.04539
2000 14 0.00496 2.0409
2000 15 0.00622 1.93603
2000 16 0.00713 1.97928
4000 1 0.04137 2.35048
4000 2 0.01446 6.22529
4000 3 0.00886 9.26975
4000 4 0.00547 10.7661
4000 5 0.00426 11.7268
4000 6 0.00459 10.0471
4000 7 0.00442 10.2636
4000 8 0.00283 12.3603
4000 9 0.00387 11.636
4000 10 0.00468 7.14724
4000 11 0.00542 6.91685
4000 12 0.00561 3.78763
4000 13 0.00410 2.01636
4000 14 0.00508 2.01114
4000 15 0.00627 1.96594
4000 16 0.00743 2.00464
8000 1 0.06868 2.6559
8000 2 0.02400 6.71079
8000 3 0.01607 9.71916
8000 4 0.01040 10.4111
8000 5 0.00857 11.8556
8000 6 0.00809 12.0132
8000 7 0.00696 12.2304
8000 8 0.00636 12.0888
8000 9 0.00797 10.2151
8000 10 0.00464 12.0821
8000 11 0.00510 12.0886
8000 12 0.00700 7.04349
8000 13 0.00878 6.91969
8000 14 0.00869 3.84412
8000 15 0.01055 3.76238
8000 16 0.00756 1.96908
10000 1 0.08196 2.72575
10000 2 0.03148 7.08154
10000 3 0.01917 9.71595
10000 4 0.01295 11.0279
10000 5 0.01149 12.059
10000 6 0.00952 12.5031
10000 7 0.00885 12.182
10000 8 0.00908 12.4117
10000 9 0.00742 12.5672
10000 10 0.00949 10.6133
10000 11 0.00516 11.931
10000 12 0.00661 11.9174
10000 13 0.00869 7.2958
10000 14 0.00918 6.90979
10000 15 0.01062 3.81062
10000 16 0.01020 3.78742
20000 1 0.03957 2.80742
20000 2 0.05406 7.80118
20000 3 0.03168 10.5866
20000 4 0.02487 11.6173
20000 5 0.01926 12.6996
20000 6 0.01752 13.263
20000 7 0.01639 12.6959
20000 8 0.01436 12.9971
20000 9 0.01349 11.5336
20000 10 0.01446 13.0874
20000 11 0.01134 12.7057
20000 12 0.01399 10.0158
20000 13 0.01425 10.2334
20000 14 0.01020 11.7279
20000 15 0.01256 11.9002
20000 16 0.01065 6.89372
40000 1 0.07911 2.75585
40000 2 0.08341 9.01167
40000 3 0.05018 12.58
40000 4 0.04067 13.4249
40000 5 0.03037 14.3535
40000 6 0.02789 15.2968
40000 7 0.02459 13.514
40000 8 0.02493 14.402
40000 9 0.01852 13.8131
40000 10 0.01831 14.3768
40000 11 0.01954 13.4113
40000 12 0.01690 13.4575
40000 13 0.01986 10.8618
40000 14 0.01794 13.3554
40000 15 0.01695 10.5163
40000 16 0.01965 10.8601
80000 1 0.15743 2.57794
80000 2 0.04671 9.03847
80000 3 0.03286 13.9744
80000 4 0.06122 16.0737
80000 5 0.05186 17.1125
80000 6 0.04228 16.347
80000 7 0.04146 17.7282
80000 8 0.03154 16.0553
80000 9 0.03110 16.7342
80000 10 0.03107 16.4972
80000 11 0.02722 15.6094
80000 12 0.02782 16.0022
80000 13 0.03025 13.3203
80000 14 0.02546 13.8666
80000 15 0.02374 14.5171
80000 16 0.03425 15.3829
100000 1 0.21126 2.54849
100000 2 0.05842 9.13745
100000 3 0.03780 14.0015
100000 4 0.03369 15.6635
100000 5 0.03237 16.5511
100000 6 0.04669 17.0809
100000 7 0.03035 17.6798
100000 8 0.03184 17.3318
100000 9 0.03260 17.175
100000 10 0.03291 16.9627
100000 11 0.03250 16.5638
100000 12 0.03506 16.2329
100000 13 0.03360 15.2077
100000 14 0.02783 14.8452
100000 15 0.02980 14.4615
100000 16 0.02722 15.5248
200000 1 0.32458 3.08683
200000 2 0.11856 8.87864
200000 3 0.07707 13.5237
200000 4 0.06643 15.9735
200000 5 0.06116 17.2004
200000 6 0.05942 18.231
200000 7 0.05779 18.3118
200000 8 0.05834 17.0824
200000 9 0.05885 18.0046
200000 10 0.05865 17.4032
200000 11 0.06040 17.7746
200000 12 0.05159 16.9424
200000 13 0.05350 16.6355
200000 14 0.05137 16.2051
200000 15 0.05557 14.7465
200000 16 0.05341 15.5868
400000 1 0.67354 3.18437
400000 2 0.22253 10.8395
400000 3 0.15820 13.2608
400000 4 0.13642 15.3824
400000 5 0.12387 16.7872
400000 6 0.11753 17.7593
400000 7 0.12566 17.68
400000 8 0.11999 17.4484
400000 9 0.11928 17.6154
400000 10 0.12017 17.0778
400000 11 0.0989 16.9818
400000 12 0.10596 16.6106
400000 13 0.10928 16.0002
400000 14 0.11016 15.6236
400000 15 0.10995 15.3251
400000 16 0.11693 14.8104
500000 1 0.84502 3.17998
500000 2 0.25273 9.79565
500000 3 0.19867 12.0732
500000 4 0.17372 15.1741
500000 5 0.15562 16.6951
500000 6 0.15040 17.3238
500000 7 0.14997 17.2791
500000 8 0.15212 17.2965
500000 9 0.15472 17.0175
500000 10 0.15239 17.0516
500000 11 0.12525 16.5884
500000 12 0.13305 15.9831
500000 13 0.13504 16.1161
500000 14 0.13993 15.4294
500000 15 0.14009 14.7973
500000 16 0.14610 14.6713
