1000 1 0.01690 1.60065
1000 2 0.00650 3.87179
1000 3 0.00449 5.15032
1000 4 0.00301 5.41407
1000 5 0.00207 5.75732
1000 6 0.00329 3.27572
1000 7 0.00373 1.8216
1000 8 0.00307 0.94436
1000 9 0.00446 0.89388
1000 10 0.00619 0.86915
1000 11 0.00825 0.84312
1000 12 0.01068 0.82195
1000 13 0.01020 0.80711
1000 14 0.01261 0.80383
1000 15 0.01524 0.75528
1000 16 0.01838 0.80068
2000 1 0.03513 1.71397
2000 2 0.01313 3.88007
2000 3 0.00844 4.79625
2000 4 0.00610 5.56271
2000 5 0.00429 5.85288
2000 6 0.00756 4.67302
2000 7 0.00453 5.9273
2000 8 0.00640 3.93384
2000 9 0.00678 1.67857
2000 10 0.00894 1.65687
2000 11 0.00823 0.86334
2000 12 0.01074 0.82159
2000 13 0.00967 0.80817
2000 14 0.01263 0.80491
2000 15 0.01528 0.80123
2000 16 0.01840 0.80346
4000 1 0.04933 1.95682
4000 2 0.02262 4.07627
4000 3 0.01618 5.11655
4000 4 0.01068 5.48926
4000 5 0.00904 5.91501
4000 6 0.01003 4.70057
4000 7 0.00908 4.66323
4000 8 0.00597 6.20092
4000 9 0.00844 5.71362
4000 10 0.01105 3.10766
4000 11 0.01254 3.22725
4000 12 0.01337 1.57608
4000 13 0.01020 0.80755
4000 14 0.01262 0.80339
4000 15 0.01536 0.80376
4000 16 0.01842 0.79896
8000 1 0.08596 2.20516
8000 2 0.03703 4.51413
8000 3 0.02709 5.53
8000 4 0.01956 5.70106
8000 5 0.01657 6.14913
8000 6 0.01610 6.65841
8000 7 0.01417 6.08853
8000 8 0.01275 5.99838
8000 9 0.01713 4.72615
8000 10 0.00985 5.70197
8000 11 0.01096 5.49873
8000 12 0.01632 2.95909
8000 13 0.02024 3.00906
8000 14 0.02050 1.58327
8000 15 0.02493 1.59108
8000 16 0.01839 0.79911
10000 1 0.13246 2.20377
10000 2 0.04902 4.67395
10000 3 0.03281 5.7057
10000 4 0.02541 6.06495
10000 5 0.02171 6.68173
10000 6 0.01870 6.37733
10000 7 0.01788 6.00633
10000 8 0.01805 6.20648
10000 9 0.01546 6.05375
10000 10 0.02027 4.7372
10000 11 0.01096 5.571
10000 12 0.01425 5.5339
10000 13 0.02009 3.03087
10000 14 0.02139 3.02846
10000 15 0.02485 1.58502
10000 16 0.02431 1.55961
20000 1 0.05120 2.18263
20000 2 0.07793 4.73063
20000 3 0.05204 6.48768
20000 4 0.04345 6.41075
20000 5 0.03510 7.3401
20000 6 0.03284 7.03975
20000 7 0.03146 6.59882
20000 8 0.02487 6.39952
20000 9 0.02701 7.42651
20000 10 0.03338 6.54873
20000 11 0.02329 6.13456
20000 12 0.02900 4.81618
20000 13 0.02969 4.92124
20000 14 0.02176 5.61618
20000 15 0.02640 5.68597
20000 16 0.02454 3.0176
40000 1 0.11243 2.13243
40000 2 0.03837 5.68004
40000 3 0.08260 7.48654
40000 4 0.06635 7.92982
40000 5 0.05461 8.29184
40000 6 0.04921 7.99068
40000 7 0.04630 7.76299
40000 8 0.04678 7.62615
40000 9 0.03462 7.27945
40000 10 0.03687 7.17304
40000 11 0.04009 6.81049
40000 12 0.03420 6.58159
40000 13 0.03962 5.46239
40000 14 0.03748 6.68558
40000 15 0.03630 5.09686
40000 16 0.04260 5.10269
80000 1 0.20638 2.5877
80000 2 0.05846 4.81356
80000 3 0.05677 7.459
80000 4 0.05240 8.28286
80000 5 0.04852 8.89512
80000 6 0.04994 8.87245
80000 7 0.05000 8.8715
80000 8 0.04999 8.75693
80000 9 0.05116 8.53219
80000 10 0.05176 8.30172
80000 11 0.05668 7.57326
80000 12 0.05751 7.65742
80000 13 0.06227 6.79524
80000 14 0.05205 6.76886
80000 15 0.05042 6.89298
80000 16 0.06347 6.63178
100000 1 0.25082 2.45546
100000 2 0.10530 5.55783
100000 3 0.07115 7.42382
100000 4 0.06587 8.24737
100000 5 0.06020 8.80811
100000 6 0.05981 8.92175
100000 7 0.06087 8.80234
100000 8 0.06250 8.6065
100000 9 0.06548 8.31545
100000 10 0.06656 7.97439
100000 11 0.07123 7.51235
100000 12 0.07629 7.23465
100000 13 0.07520 7.01685
100000 14 0.06450 6.54411
100000 15 0.06668 6.51133
100000 16 0.06343 6.63505
200000 1 0.39979 2.61313
200000 2 0.20639 4.74645
200000 3 0.16396 7.29604
200000 4 0.13112 8.07248
200000 5 0.12219 8.6355
200000 6 0.12166 8.47026
200000 7 0.12299 8.61388
200000 8 0.12355 8.46428
200000 9 0.12871 8.22739
200000 10 0.13009 8.088
200000 11 0.13706 7.576
200000 12 0.11735 7.45422
200000 13 0.12280 7.23388
200000 14 0.11952 6.98511
200000 15 0.13425 6.37846
200000 16 0.12820 6.44495
400000 1 0.94255 2.55265
400000 2 0.30477 6.83101
400000 3 0.22853 9.15498
400000 4 0.26154 7.83784
400000 5 0.24653 10.8558
400000 6 0.19206 10.2099
400000 7 0.19406 10.8484
400000 8 0.19799 8.2777
400000 9 0.2593 8.09523
400000 10 0.26788 10.1868
400000 11 0.17286 9.65334
400000 12 0.18264 9.49261
400000 13 0.19372 9.06476
400000 14 0.19684 8.46683
400000 15 0.20192 8.41881
400000 16 0.21790 7.84145
500000 1 1.04442 2.55554
500000 2 0.38463 6.67925
500000 3 0.30015 8.90933
500000 4 0.29890 7.86108
500000 5 0.28267 10.7868
500000 6 0.31216 9.14029
500000 7 0.24316 10.6783
500000 8 0.24658 10.5682
500000 9 0.25362 10.2705
500000 10 0.25954 10.0426
500000 11 0.21982 9.50926
500000 12 0.27066 7.77025
500000 13 0.24169 9.06371
500000 14 0.25115 8.71095
500000 15 0.25469 8.23374
500000 16 0.27028 7.87534
